wear/build/intermediates/manifest_merge_blame_file/debug/processDebugMainManifest/manifest-merger-blame-debug-report.txt
1<?xml version="1.0" encoding="utf-8"?>
2<manifest xmlns:android="http://schemas.android.com/apk/res/android"
3    package="com.safepulse"
4    android:versionCode="1"
5    android:versionName="1.0" >
6
7    <uses-sdk
8        android:minSdkVersion="30"
9        android:targetSdkVersion="34" />
10
11    <!-- Mark as Wear OS standalone app -->
12    <uses-feature android:name="android.hardware.type.watch" />
12-->src\main\AndroidManifest.xml:6:5-64
12-->src\main\AndroidManifest.xml:6:19-61
13
14    <!-- Hardware features declared as optional for broad device compatibility -->
15    <uses-feature
15-->src\main\AndroidManifest.xml:9:5-95
16        android:name="android.hardware.sensor.heartrate"
16-->src\main\AndroidManifest.xml:9:19-67
17        android:required="false" />
17-->src\main\AndroidManifest.xml:9:68-92
18    <uses-feature
18-->src\main\AndroidManifest.xml:10:5-99
19        android:name="android.hardware.sensor.accelerometer"
19-->src\main\AndroidManifest.xml:10:19-71
20        android:required="false" />
20-->src\main\AndroidManifest.xml:10:72-96
21    <uses-feature
21-->src\main\AndroidManifest.xml:11:5-91
22        android:name="android.hardware.location.gps"
22-->src\main\AndroidManifest.xml:11:19-63
23        android:required="false" />
23-->src\main\AndroidManifest.xml:11:64-88
24    <uses-feature
24-->src\main\AndroidManifest.xml:12:5-87
25        android:name="android.hardware.location"
25-->src\main\AndroidManifest.xml:12:19-59
26        android:required="false" />
26-->src\main\AndroidManifest.xml:12:60-84
27
28    <!-- Location Permissions -->
29    <uses-permission android:name="android.permission.ACCESS_FINE_LOCATION" />
29-->src\main\AndroidManifest.xml:15:5-79
29-->src\main\AndroidManifest.xml:15:22-76
30    <uses-permission android:name="android.permission.ACCESS_COARSE_LOCATION" />
30-->src\main\AndroidManifest.xml:16:5-81
30-->src\main\AndroidManifest.xml:16:22-78
31
32    <!-- Body Sensors for heart rate -->
33    <uses-permission android:name="android.permission.BODY_SENSORS" />
33-->src\main\AndroidManifest.xml:19:5-71
33-->src\main\AndroidManifest.xml:19:22-68
34    <uses-permission android:name="android.permission.ACTIVITY_RECOGNITION" />
34-->src\main\AndroidManifest.xml:20:5-79
34-->src\main\AndroidManifest.xml:20:22-76
35
36    <!-- Vibration for alerts -->
37    <uses-permission android:name="android.permission.VIBRATE" />
37-->src\main\AndroidManifest.xml:23:5-66
37-->src\main\AndroidManifest.xml:23:22-63
38
39    <!-- Notification Permission (Android 13+) -->
40    <uses-permission android:name="android.permission.POST_NOTIFICATIONS" />
40-->src\main\AndroidManifest.xml:26:5-77
40-->src\main\AndroidManifest.xml:26:22-74
41
42    <!-- Foreground Service -->
43    <uses-permission android:name="android.permission.FOREGROUND_SERVICE" />
43-->src\main\AndroidManifest.xml:29:5-77
43-->src\main\AndroidManifest.xml:29:22-74
44    <uses-permission android:name="android.permission.FOREGROUND_SERVICE_LOCATION" />
44-->src\main\AndroidManifest.xml:30:5-86
44-->src\main\AndroidManifest.xml:30:22-83
45
46    <!-- Wake Lock -->
47    <uses-permission android:name="android.permission.WAKE_LOCK" />
47-->src\main\AndroidManifest.xml:33:5-68
47-->src\main\AndroidManifest.xml:33:22-65
48
49    <!-- Communication with phone -->
50    <uses-permission android:name="android.permission.INTERNET" />
50-->src\main\AndroidManifest.xml:36:5-67
50-->src\main\AndroidManifest.xml:36:22-64
51
52    <queries>
52-->[androidx.health:health-services-client:1.0.0-rc02] AndroidManifest.xml:19:5-21:15
53        <package android:name="com.google.android.wearable.healthservices" />
53-->[androidx.health:health-services-client:1.0.0-rc02] AndroidManifest.xml:20:9-78
53-->[androidx.health:health-services-client:1.0.0-rc02] AndroidManifest.xml:20:18-75
54
55        <intent>
55-->[androidx.wear.tiles:tiles:1.3.0] AndroidManifest.xml:8:9-10:18
56            <action android:name="androidx.wear.tiles.action.BIND_UPDATE_REQUESTER" />
56-->[androidx.wear.tiles:tiles:1.3.0] AndroidManifest.xml:9:13-87
56-->[androidx.wear.tiles:tiles:1.3.0] AndroidManifest.xml:9:21-84
57        </intent>
58    </queries>
59
60    <permission
60-->[androidx.core:core:1.12.0] AndroidManifest.xml:22:5-24:47
61        android:name="com.safepulse.DYNAMIC_RECEIVER_NOT_EXPORTED_PERMISSION"
61-->[androidx.core:core:1.12.0] AndroidManifest.xml:23:9-81
62        android:protectionLevel="signature" />
62-->[androidx.core:core:1.12.0] AndroidManifest.xml:24:9-44
63
64    <uses-permission android:name="com.safepulse.DYNAMIC_RECEIVER_NOT_EXPORTED_PERMISSION" />
64-->[androidx.core:core:1.12.0] AndroidManifest.xml:26:5-97
64-->[androidx.core:core:1.12.0] AndroidManifest.xml:26:22-94
65
66    <application
66-->src\main\AndroidManifest.xml:38:5-89:19
67        android:name="com.safepulse.wear.WearSafePulseApp"
67-->src\main\AndroidManifest.xml:39:9-41
68        android:allowBackup="true"
68-->src\main\AndroidManifest.xml:40:9-35
69        android:appComponentFactory="androidx.core.app.CoreComponentFactory"
69-->[androidx.core:core:1.12.0] AndroidManifest.xml:28:18-86
70        android:debuggable="true"
71        android:extractNativeLibs="false"
72        android:icon="@mipmap/ic_launcher"
72-->src\main\AndroidManifest.xml:41:9-43
73        android:label="@string/app_name"
73-->src\main\AndroidManifest.xml:42:9-41
74        android:roundIcon="@mipmap/ic_launcher_round"
74-->src\main\AndroidManifest.xml:43:9-54
75        android:supportsRtl="true"
75-->src\main\AndroidManifest.xml:44:9-35
76        android:testOnly="true"
77        android:theme="@android:style/Theme.DeviceDefault" >
77-->src\main\AndroidManifest.xml:45:9-59
78        <uses-library
78-->src\main\AndroidManifest.xml:48:9-50:40
79            android:name="com.google.android.wearable"
79-->src\main\AndroidManifest.xml:49:13-55
80            android:required="false" />
80-->src\main\AndroidManifest.xml:50:13-37
81
82        <!-- Wear OS standalone metadata -->
83        <meta-data
83-->src\main\AndroidManifest.xml:53:9-55:36
84            android:name="com.google.android.wearable.standalone"
84-->src\main\AndroidManifest.xml:54:13-66
85            android:value="true" />
85-->src\main\AndroidManifest.xml:55:13-33
86
87        <activity
87-->src\main\AndroidManifest.xml:57:9-66:20
88            android:name="com.safepulse.wear.presentation.WearMainActivity"
88-->src\main\AndroidManifest.xml:58:13-58
89            android:exported="true"
89-->src\main\AndroidManifest.xml:59:13-36
90            android:taskAffinity=""
90-->src\main\AndroidManifest.xml:60:13-36
91            android:theme="@android:style/Theme.DeviceDefault" >
91-->src\main\AndroidManifest.xml:61:13-63
92            <intent-filter>
92-->src\main\AndroidManifest.xml:62:13-65:29
93                <action android:name="android.intent.action.MAIN" />
93-->src\main\AndroidManifest.xml:63:17-69
93-->src\main\AndroidManifest.xml:63:25-66
94
95                <category android:name="android.intent.category.LAUNCHER" />
95-->src\main\AndroidManifest.xml:64:17-77
95-->src\main\AndroidManifest.xml:64:27-74
96            </intent-filter>
97        </activity>
98
99        <!-- Wearable Listener Service for phone communication -->
100        <service
100-->src\main\AndroidManifest.xml:69:9-80:19
101            android:name="com.safepulse.wear.service.WearDataListenerService"
101-->src\main\AndroidManifest.xml:70:13-60
102            android:exported="true"
102-->src\main\AndroidManifest.xml:71:13-36
103            android:permission="com.google.android.gms.permission.BIND_LISTENER" >
103-->src\main\AndroidManifest.xml:72:13-81
104            <intent-filter>
104-->src\main\AndroidManifest.xml:73:13-79:29
105                <action android:name="com.google.android.gms.wearable.DATA_CHANGED" />
105-->src\main\AndroidManifest.xml:74:17-87
105-->src\main\AndroidManifest.xml:74:25-84
106                <action android:name="com.google.android.gms.wearable.MESSAGE_RECEIVED" />
106-->src\main\AndroidManifest.xml:75:17-91
106-->src\main\AndroidManifest.xml:75:25-88
107
108                <data
108-->src\main\AndroidManifest.xml:76:17-78:45
109                    android:host="*"
109-->src\main\AndroidManifest.xml:77:21-37
110                    android:scheme="wear" />
110-->src\main\AndroidManifest.xml:78:21-42
111            </intent-filter>
112        </service>
113
114        <!-- Safety Foreground Service for watch -->
115        <service
115-->src\main\AndroidManifest.xml:83:9-87:56
116            android:name="com.safepulse.wear.service.WearSafetyService"
116-->src\main\AndroidManifest.xml:84:13-54
117            android:enabled="true"
117-->src\main\AndroidManifest.xml:85:13-35
118            android:exported="false"
118-->src\main\AndroidManifest.xml:86:13-37
119            android:foregroundServiceType="location" />
119-->src\main\AndroidManifest.xml:87:13-53
120        <service
120-->[androidx.health:health-services-client:1.0.0-rc02] AndroidManifest.xml:24:9-31:19
121            android:name="androidx.health.services.client.VersionApiService"
121-->[androidx.health:health-services-client:1.0.0-rc02] AndroidManifest.xml:25:13-77
122            android:exported="true"
122-->[androidx.health:health-services-client:1.0.0-rc02] AndroidManifest.xml:26:13-36
123            android:permission="com.google.android.wearable.healthservices.permission.PASSIVE_DATA_BINDING" >
123-->[androidx.health:health-services-client:1.0.0-rc02] AndroidManifest.xml:27:13-108
124            <intent-filter>
124-->[androidx.health:health-services-client:1.0.0-rc02] AndroidManifest.xml:28:13-30:29
125                <action android:name="hs.versionclient.BIND" />
125-->[androidx.health:health-services-client:1.0.0-rc02] AndroidManifest.xml:29:17-64
125-->[androidx.health:health-services-client:1.0.0-rc02] AndroidManifest.xml:29:25-61
126            </intent-filter>
127        </service>
128
129        <activity
129-->[com.google.android.gms:play-services-base:18.1.0] AndroidManifest.xml:20:9-22:45
130            android:name="com.google.android.gms.common.api.GoogleApiActivity"
130-->[com.google.android.gms:play-services-base:18.1.0] AndroidManifest.xml:20:19-85
131            android:exported="false"
131-->[com.google.android.gms:play-services-base:18.1.0] AndroidManifest.xml:22:19-43
132            android:theme="@android:style/Theme.Translucent.NoTitleBar" />
132-->[com.google.android.gms:play-services-base:18.1.0] AndroidManifest.xml:21:19-78
133        <activity
133-->[androidx.compose.ui:ui-tooling-android:1.6.1] AndroidManifest.xml:23:9-25:39
134            android:name="androidx.compose.ui.tooling.PreviewActivity"
134-->[androidx.compose.ui:ui-tooling-android:1.6.1] AndroidManifest.xml:24:13-71
135            android:exported="true" />
135-->[androidx.compose.ui:ui-tooling-android:1.6.1] AndroidManifest.xml:25:13-36
136
137        <provider
137-->[androidx.emoji2:emoji2:1.3.0] AndroidManifest.xml:24:9-32:20
138            android:name="androidx.startup.InitializationProvider"
138-->[androidx.emoji2:emoji2:1.3.0] AndroidManifest.xml:25:13-67
139            android:authorities="com.safepulse.androidx-startup"
139-->[androidx.emoji2:emoji2:1.3.0] AndroidManifest.xml:26:13-68
140            android:exported="false" >
140-->[androidx.emoji2:emoji2:1.3.0] AndroidManifest.xml:27:13-37
141            <meta-data
141-->[androidx.emoji2:emoji2:1.3.0] AndroidManifest.xml:29:13-31:52
142                android:name="androidx.emoji2.text.EmojiCompatInitializer"
142-->[androidx.emoji2:emoji2:1.3.0] AndroidManifest.xml:30:17-75
143                android:value="androidx.startup" />
143-->[androidx.emoji2:emoji2:1.3.0] AndroidManifest.xml:31:17-49
144            <meta-data
144-->[androidx.lifecycle:lifecycle-process:2.7.0] AndroidManifest.xml:29:13-31:52
145                android:name="androidx.lifecycle.ProcessLifecycleInitializer"
145-->[androidx.lifecycle:lifecycle-process:2.7.0] AndroidManifest.xml:30:17-78
146                android:value="androidx.startup" />
146-->[androidx.lifecycle:lifecycle-process:2.7.0] AndroidManifest.xml:31:17-49
147            <meta-data
147-->[androidx.profileinstaller:profileinstaller:1.3.0] AndroidManifest.xml:29:13-31:52
148                android:name="androidx.profileinstaller.ProfileInstallerInitializer"
148-->[androidx.profileinstaller:profileinstaller:1.3.0] AndroidManifest.xml:30:17-85
149                android:value="androidx.startup" />
149-->[androidx.profileinstaller:profileinstaller:1.3.0] AndroidManifest.xml:31:17-49
150        </provider>
151
152        <meta-data
152-->[com.google.android.gms:play-services-basement:18.1.0] AndroidManifest.xml:21:9-23:69
153            android:name="com.google.android.gms.version"
153-->[com.google.android.gms:play-services-basement:18.1.0] AndroidManifest.xml:22:13-58
154            android:value="@integer/google_play_services_version" />
154-->[com.google.android.gms:play-services-basement:18.1.0] AndroidManifest.xml:23:13-66
155
156        <receiver
156-->[androidx.profileinstaller:profileinstaller:1.3.0] AndroidManifest.xml:34:9-52:20
157            android:name="androidx.profileinstaller.ProfileInstallReceiver"
157-->[androidx.profileinstaller:profileinstaller:1.3.0] AndroidManifest.xml:35:13-76
158            android:directBootAware="false"
158-->[androidx.profileinstaller:profileinstaller:1.3.0] AndroidManifest.xml:36:13-44
159            android:enabled="true"
159-->[androidx.profileinstaller:profileinstaller:1.3.0] AndroidManifest.xml:37:13-35
160            android:exported="true"
160-->[androidx.profileinstaller:profileinstaller:1.3.0] AndroidManifest.xml:38:13-36
161            android:permission="android.permission.DUMP" >
161-->[androidx.profileinstaller:profileinstaller:1.3.0] AndroidManifest.xml:39:13-57
162            <intent-filter>
162-->[androidx.profileinstaller:profileinstaller:1.3.0] AndroidManifest.xml:40:13-42:29
163                <action android:name="androidx.profileinstaller.action.INSTALL_PROFILE" />
163-->[androidx.profileinstaller:profileinstaller:1.3.0] AndroidManifest.xml:41:17-91
163-->[androidx.profileinstaller:profileinstaller:1.3.0] AndroidManifest.xml:41:25-88
164            </intent-filter>
165            <intent-filter>
165-->[androidx.profileinstaller:profileinstaller:1.3.0] AndroidManifest.xml:43:13-45:29
166                <action android:name="androidx.profileinstaller.action.SKIP_FILE" />
166-->[androidx.profileinstaller:profileinstaller:1.3.0] AndroidManifest.xml:44:17-85
166-->[androidx.profileinstaller:profileinstaller:1.3.0] AndroidManifest.xml:44:25-82
167            </intent-filter>
168            <intent-filter>
168-->[androidx.profileinstaller:profileinstaller:1.3.0] AndroidManifest.xml:46:13-48:29
169                <action android:name="androidx.profileinstaller.action.SAVE_PROFILE" />
169-->[androidx.profileinstaller:profileinstaller:1.3.0] AndroidManifest.xml:47:17-88
169-->[androidx.profileinstaller:profileinstaller:1.3.0] AndroidManifest.xml:47:25-85
170            </intent-filter>
171            <intent-filter>
171-->[androidx.profileinstaller:profileinstaller:1.3.0] AndroidManifest.xml:49:13-51:29
172                <action android:name="androidx.profileinstaller.action.BENCHMARK_OPERATION" />
172-->[androidx.profileinstaller:profileinstaller:1.3.0] AndroidManifest.xml:50:17-95
172-->[androidx.profileinstaller:profileinstaller:1.3.0] AndroidManifest.xml:50:25-92
173            </intent-filter>
174        </receiver>
175    </application>
176
177</manifest>